<?xml version="1.0" encoding="UTF-8"?>
<testsuite xmlns:xsi="http://www.w3.org/2001/XMLSchema-instance" xsi:noNamespaceSchemaLocation="https://maven.apache.org/surefire/maven-surefire-plugin/xsd/surefire-test-report.xsd" name="cl.edutecno.Desafio_calculadora1.CalculadoraTest" time="0.091" tests="4" errors="0" skipped="0" failures="0">
  <properties>
[...]
</properties>
  <testcase name="restar" classname="cl.edutecno.Desafio_calculadora1.CalculadoraTest" time="0.016"/>
  <testcase name="sumar" classname="cl.edutecno.Desafio_calculadora1.CalculadoraTest" time="0.009"/>
  <testcase name="multiplicar" classname="cl.edutecno.Desafio_calculadora1.CalculadoraTest" time="0.006"/>
  <testcase name="dividir" classname="cl.edutecno.Desafio_calculadora1.CalculadoraTest" time="0.013"/>
</testsuite>